<?xml version="1.0" encoding="UTF-8"?>
<!-- Generated by org.testng.reporters.JUnitXMLReporter -->
<testsuite ignored="0" hostname="IB-SEZ-LAP-905" failures="1" tests="2" name="Test" time="6.357" errors="0" timestamp="2025-07-09T17:10:30 IST">
  <testcase classname="SeleniumProject.PositiveLoginTest" name="positivelogintest" time="0.416"/>
  <testcase classname="SeleniumProject.NegativeLoginTest" name="negativeLogintest" time="2.584">
    <failure type="java.lang.AssertionError" message="expected [Incorrect email or password.] but found []">
      <![CDATA[java.lang.AssertionError: expected [Incorrect email or password.] but found []
at SeleniumProject.NegativeLoginTest.negativeLogintest(NegativeLoginTest.java:21)
at java.base/java.util.concurrent.ThreadPoolExecutor.runWorker(ThreadPoolExecutor.java:1144)
at java.base/java.util.concurrent.ThreadPoolExecutor$Worker.run(ThreadPoolExecutor.java:642)
at java.base/java.lang.Thread.run(Thread.java:1583)
... Removed 16 stack frames]]>
    </failure>
  </testcase> <!-- negativeLogintest -->
</testsuite> <!-- Test -->
